<?xml version="1.0" encoding="UTF-8"?>
<!-- Generated by org.testng.reporters.JUnitXMLReporter -->
<testsuite ignored="0" hostname="DESKTOP-5I8QE3D" failures="0" tests="6" name="Default test" time="245.136" errors="0" timestamp="2022-12-12T22:37:00 IST">
  <testcase classname="khanAcademy.KhanAcademy_hybrid" name="sign_in" time="23.951"/>
  <testcase classname="khanAcademy.KhanAcademy_hybrid" name="language" time="43.701"/>
  <testcase classname="khanAcademy.KhanAcademy_hybrid" name="explore" time="44.459"/>
  <testcase classname="khanAcademy.KhanAcademy_hybrid" name="search" time="42.414"/>
  <testcase classname="khanAcademy.KhanAcademy_hybrid" name="Bookmarks" time="36.102"/>
  <testcase classname="khanAcademy.KhanAcademy_hybrid" name="signout" time="15.549"/>
</testsuite> <!-- Default test -->
